/*C35*/SET SCHEMA PUBLIC
DISCONNECT
/*C37*/SET SCHEMA PUBLIC
DISCONNECT
/*C38*/SET SCHEMA PUBLIC
DISCONNECT
/*C39*/SET SCHEMA PUBLIC
DISCONNECT
/*C41*/SET SCHEMA PUBLIC
DISCONNECT
/*C42*/SET SCHEMA PUBLIC
DISCONNECT
/*C43*/SET SCHEMA PUBLIC
DISCONNECT
/*C44*/SET SCHEMA PUBLIC
DISCONNECT
/*C45*/SET SCHEMA PUBLIC
DISCONNECT
/*C46*/SET SCHEMA PUBLIC
DISCONNECT
/*C47*/SET SCHEMA PUBLIC
DISCONNECT
/*C48*/SET SCHEMA PUBLIC
DISCONNECT
/*C49*/SET SCHEMA PUBLIC
DISCONNECT
/*C50*/SET SCHEMA PUBLIC
DISCONNECT
/*C51*/SET SCHEMA PUBLIC
DISCONNECT
/*C36*/SET SCHEMA PUBLIC
DISCONNECT
/*C40*/SET SCHEMA PUBLIC
DISCONNECT
/*C52*/SET SCHEMA PUBLIC
DISCONNECT
/*C55*/SET SCHEMA PUBLIC
DISCONNECT
/*C53*/SET SCHEMA PUBLIC
DISCONNECT
/*C54*/SET SCHEMA PUBLIC
DISCONNECT
/*C56*/SET SCHEMA PUBLIC
DISCONNECT
/*C58*/SET SCHEMA PUBLIC
INSERT INTO POINT VALUES(6,'V\u00f5imalik ujuda, s\u00f5ita veelauaga, aerutada, matkata.','http://www.vortsjarv.ee/','58.302273785125585, 26.04583740234375','V\u00f5rtsj\u00e4rv')
COMMIT
INSERT INTO CATEGORY VALUES(21,'tabletennis',6)
COMMIT
INSERT INTO CATEGORY VALUES(22,'tabletennis',6)
COMMIT
INSERT INTO CATEGORY VALUES(23,'tabletennis',6)
COMMIT
/*C59*/SET SCHEMA PUBLIC
DISCONNECT
/*C60*/SET SCHEMA PUBLIC
DISCONNECT
/*C58*/DISCONNECT
/*C61*/SET SCHEMA PUBLIC
DISCONNECT
/*C62*/SET SCHEMA PUBLIC
DISCONNECT
/*C64*/SET SCHEMA PUBLIC
DISCONNECT
/*C65*/SET SCHEMA PUBLIC
DISCONNECT
/*C63*/SET SCHEMA PUBLIC
INSERT INTO POINT VALUES(7,'saab ujuda','','58.54532816362913, 27.3944091796875','Peipsi j\u00e4rv')
COMMIT
INSERT INTO CATEGORY VALUES(24,'tabletennis',7)
COMMIT
INSERT INTO CATEGORY VALUES(25,'tabletennis',7)
COMMIT
INSERT INTO CATEGORY VALUES(26,'tabletennis',7)
COMMIT
INSERT INTO CATEGORY VALUES(27,'tabletennis',7)
COMMIT
/*C66*/SET SCHEMA PUBLIC
DISCONNECT
/*C67*/SET SCHEMA PUBLIC
DISCONNECT
/*C68*/SET SCHEMA PUBLIC
DISCONNECT
/*C57*/SET SCHEMA PUBLIC
DISCONNECT
/*C63*/DISCONNECT
