/*C4*/SET SCHEMA PUBLIC
INSERT INTO PLACE VALUES(1,'Rahinge Ekstreempark','58.379202,26.609053','Parim paik veelauaga s\u00f5itmiseks Eestis. Lisaks v\u00f5imalik kasutada h\u00fcppem\u00e4ge, palliplatse ja palju muid v\u00f5imalusi.','http://www.rahinge.ee/')
COMMIT
INSERT INTO PLACE VALUES(2,'T\u00e4htvere spordipark','58.390667,26.705402','Spordipargis asuvad rullirada, jooksurada, BMX rada ja v\u00e4line j\u00f5usaal. Talvel v\u00f5imalus suusatada ja on olemas ka laste kelgum\u00e4gi.','http://arena.ee/puhkepark/spordipark/')
COMMIT
/*C5*/SET SCHEMA PUBLIC
DISCONNECT
/*C6*/SET SCHEMA PUBLIC
DISCONNECT
/*C7*/SET SCHEMA PUBLIC
DISCONNECT
/*C9*/SET SCHEMA PUBLIC
DISCONNECT
/*C8*/SET SCHEMA PUBLIC
DISCONNECT
/*C11*/SET SCHEMA PUBLIC
DISCONNECT
/*C10*/SET SCHEMA PUBLIC
DISCONNECT
/*C13*/SET SCHEMA PUBLIC
DISCONNECT
/*C12*/SET SCHEMA PUBLIC
DISCONNECT
/*C15*/SET SCHEMA PUBLIC
DISCONNECT
/*C14*/SET SCHEMA PUBLIC
DISCONNECT
/*C16*/SET SCHEMA PUBLIC
DISCONNECT
/*C18*/SET SCHEMA PUBLIC
DISCONNECT
/*C17*/SET SCHEMA PUBLIC
DISCONNECT
/*C20*/SET SCHEMA PUBLIC
DISCONNECT
/*C19*/SET SCHEMA PUBLIC
DISCONNECT
/*C22*/SET SCHEMA PUBLIC
DISCONNECT
/*C21*/SET SCHEMA PUBLIC
DISCONNECT
